# JRE version: OpenJDK Runtime Environment (17.0.9) (build 17.0.9+0--11185874)
# Java VM: OpenJDK 64-Bit Server VM (17.0.9+0--11185874, mixed mode, tiered, compressed oops, compressed class ptrs, g1 gc, windows-amd64)
GC Precious Log:
 CPUs: 16 total, 16 available
 Memory: 16004M
 Large Page Support: Disabled
 NUMA Support: Disabled
 Compressed Oops: Enabled (32-bit)
 Heap Region Size: 1M
 Heap Min Capacity: 8M
 Heap Initial Capacity: 252M
 Heap Max Capacity: 2G
 Pre-touch: Disabled
 Parallel Workers: 13
 Concurrent Workers: 3
 Concurrent Refinement Workers: 13
 Periodic GC: Disabled
Heap:
 garbage-first heap   total 285696K, used 158123K [0x0000000080000000, 0x0000000100000000)
  region size 1024K, 7 young (7168K), 7 survivors (7168K)
 Metaspace       used 146815K, committed 147776K, reserved 1179648K
  class space    used 19755K, committed 20224K, reserved 1048576K
GC Heap History (20 events):
Event: 1106.830 GC heap after
{Heap after GC invocations=74 (full 0):
 garbage-first heap   total 222208K, used 127728K [0x0000000080000000, 0x0000000100000000)
  region size 1024K, 1 young (1024K), 1 survivors (1024K)
 Metaspace       used 136331K, committed 137216K, reserved 1179648K
  class space    used 18512K, committed 18944K, reserved 1048576K
}
Event: 1106.954 GC heap before
{Heap before GC invocations=74 (full 0):
 garbage-first heap   total 222208K, used 138992K [0x0000000080000000, 0x0000000100000000)
  region size 1024K, 14 young (14336K), 1 survivors (1024K)
 Metaspace       used 137336K, committed 138304K, reserved 1179648K
  class space    used 18782K, committed 19264K, reserved 1048576K
}
Event: 1106.956 GC heap after
{Heap after GC invocations=75 (full 0):
 garbage-first heap   total 222208K, used 128233K [0x0000000080000000, 0x0000000100000000)
  region size 1024K, 2 young (2048K), 2 survivors (2048K)
 Metaspace       used 137336K, committed 138304K, reserved 1179648K
  class space    used 18782K, committed 19264K, reserved 1048576K
}
Event: 2406.074 GC heap before
{Heap before GC invocations=76 (full 0):
 garbage-first heap   total 237568K, used 196841K [0x0000000080000000, 0x0000000100000000)
  region size 1024K, 60 young (61440K), 2 survivors (2048K)
 Metaspace       used 137634K, committed 138560K, reserved 1179648K
  class space    used 18806K, committed 19264K, reserved 1048576K
}
Event: 2406.077 GC heap after
{Heap after GC invocations=77 (full 0):
 garbage-first heap   total 237568K, used 130705K [0x0000000080000000, 0x0000000100000000)
  region size 1024K, 4 young (4096K), 4 survivors (4096K)
 Metaspace       used 137634K, committed 138560K, reserved 1179648K
  class space    used 18806K, committed 19264K, reserved 1048576K
}
Event: 2406.097 GC heap before
{Heap before GC invocations=77 (full 0):
 garbage-first heap   total 237568K, used 137873K [0x0000000080000000, 0x0000000100000000)
  region size 1024K, 11 young (11264K), 4 survivors (4096K)
 Metaspace       used 137652K, committed 138560K, reserved 1179648K
  class space    used 18806K, committed 19264K, reserved 1048576K
}
Event: 2406.103 GC heap after
{Heap after GC invocations=78 (full 0):
 garbage-first heap   total 237568K, used 129870K [0x0000000080000000, 0x0000000100000000)
  region size 1024K, 1 young (1024K), 1 survivors (1024K)
 Metaspace       used 137652K, committed 138560K, reserved 1179648K
  class space    used 18806K, committed 19264K, reserved 1048576K
}
Event: 2406.361 GC heap before
{Heap before GC invocations=78 (full 0):
 garbage-first heap   total 237568K, used 165710K [0x0000000080000000, 0x0000000100000000)
  region size 1024K, 38 young (38912K), 1 survivors (1024K)
 Metaspace       used 138000K, committed 138944K, reserved 1179648K
  class space    used 18821K, committed 19264K, reserved 1048576K
}
Event: 2406.365 GC heap after
{Heap after GC invocations=79 (full 0):
 garbage-first heap   total 237568K, used 134811K [0x0000000080000000, 0x0000000100000000)
  region size 1024K, 6 young (6144K), 6 survivors (6144K)
 Metaspace       used 138000K, committed 138944K, reserved 1179648K
  class space    used 18821K, committed 19264K, reserved 1048576K
}
Event: 2406.883 GC heap before
{Heap before GC invocations=80 (full 0):
 garbage-first heap   total 237568K, used 205467K [0x0000000080000000, 0x0000000100000000)
  region size 1024K, 67 young (68608K), 6 survivors (6144K)
 Metaspace       used 139041K, committed 139968K, reserved 1179648K
  class space    used 18920K, committed 19392K, reserved 1048576K
}
Event: 2406.890 GC heap after
{Heap after GC invocations=81 (full 0):
 garbage-first heap   total 237568K, used 156826K [0x0000000080000000, 0x0000000100000000)
  region size 1024K, 9 young (9216K), 9 survivors (9216K)
 Metaspace       used 139041K, committed 139968K, reserved 1179648K
  class space    used 18920K, committed 19392K, reserved 1048576K
}
Event: 2406.893 GC heap before
{Heap before GC invocations=81 (full 0):
 garbage-first heap   total 237568K, used 158874K [0x0000000080000000, 0x0000000100000000)
  region size 1024K, 11 young (11264K), 9 survivors (9216K)
 Metaspace       used 139041K, committed 139968K, reserved 1179648K
  class space    used 18920K, committed 19392K, reserved 1048576K
}
Event: 2406.899 GC heap after
{Heap after GC invocations=82 (full 0):
 garbage-first heap   total 237568K, used 143999K [0x0000000080000000, 0x0000000100000000)
  region size 1024K, 2 young (2048K), 2 survivors (2048K)
 Metaspace       used 139041K, committed 139968K, reserved 1179648K
  class space    used 18920K, committed 19392K, reserved 1048576K
}
Event: 2407.186 GC heap before
{Heap before GC invocations=82 (full 0):
 garbage-first heap   total 237568K, used 171647K [0x0000000080000000, 0x0000000100000000)
  region size 1024K, 31 young (31744K), 2 survivors (2048K)
 Metaspace       used 141172K, committed 142080K, reserved 1179648K
  class space    used 19194K, committed 19648K, reserved 1048576K
}
Event: 2407.190 GC heap after
{Heap after GC invocations=83 (full 0):
 garbage-first heap   total 237568K, used 152025K [0x0000000080000000, 0x0000000100000000)
  region size 1024K, 6 young (6144K), 6 survivors (6144K)
 Metaspace       used 141172K, committed 142080K, reserved 1179648K
  class space    used 19194K, committed 19648K, reserved 1048576K
}
Event: 2407.432 GC heap before
{Heap before GC invocations=84 (full 0):
 garbage-first heap   total 285696K, used 207321K [0x0000000080000000, 0x0000000100000000)
  region size 1024K, 46 young (47104K), 6 survivors (6144K)
 Metaspace       used 143393K, committed 144320K, reserved 1179648K
  class space    used 19401K, committed 19840K, reserved 1048576K
}
Event: 2407.435 GC heap after
{Heap after GC invocations=85 (full 0):
 garbage-first heap   total 285696K, used 153688K [0x0000000080000000, 0x0000000100000000)
  region size 1024K, 4 young (4096K), 4 survivors (4096K)
 Metaspace       used 143393K, committed 144320K, reserved 1179648K
  class space    used 19401K, committed 19840K, reserved 1048576K
}
Event: 2407.471 GC heap before
{Heap before GC invocations=85 (full 0):
 garbage-first heap   total 285696K, used 162904K [0x0000000080000000, 0x0000000100000000)
  region size 1024K, 13 young (13312K), 4 survivors (4096K)
 Metaspace       used 143503K, committed 144448K, reserved 1179648K
  class space    used 19414K, committed 19904K, reserved 1048576K
}
Event: 2407.474 GC heap after
{Heap after GC invocations=86 (full 0):
 garbage-first heap   total 285696K, used 152768K [0x0000000080000000, 0x0000000100000000)
  region size 1024K, 2 young (2048K), 2 survivors (2048K)
 Metaspace       used 143503K, committed 144448K, reserved 1179648K
  class space    used 19414K, committed 19904K, reserved 1048576K
}
Event: 2407.872 GC heap before
{Heap before GC invocations=86 (full 0):
 garbage-first heap   total 285696K, used 222400K [0x0000000080000000, 0x0000000100000000)
  region size 1024K, 71 young (72704K), 2 survivors (2048K)
 Metaspace       used 146815K, committed 147776K, reserved 1179648K
  class space    used 19755K, committed 20224K, reserved 1048576K
}

