# JRE version: OpenJDK Runtime Environment (17.0.9) (build 17.0.9+0--11185874)
# Java VM: OpenJDK 64-Bit Server VM (17.0.9+0--11185874, mixed mode, tiered, compressed oops, compressed class ptrs, g1 gc, windows-amd64)
GC Precious Log:
 CPUs: 16 total, 16 available
 Memory: 16004M
 Large Page Support: Disabled
 NUMA Support: Disabled
 Compressed Oops: Enabled (32-bit)
 Heap Region Size: 1M
 Heap Min Capacity: 8M
 Heap Initial Capacity: 252M
 Heap Max Capacity: 2G
 Pre-touch: Disabled
 Parallel Workers: 13
 Concurrent Workers: 3
 Concurrent Refinement Workers: 13
 Periodic GC: Disabled
Heap:
 garbage-first heap   total 424960K, used 138518K [0x0000000080000000, 0x0000000100000000)
  region size 1024K, 5 young (5120K), 5 survivors (5120K)
 Metaspace       used 160091K, committed 162176K, reserved 1245184K
  class space    used 22230K, committed 23296K, reserved 1048576K
GC Heap History (20 events):
Event: 1688.622 GC heap after
{Heap after GC invocations=67 (full 0):
 garbage-first heap   total 424960K, used 150473K [0x0000000080000000, 0x0000000100000000)
  region size 1024K, 3 young (3072K), 3 survivors (3072K)
 Metaspace       used 156526K, committed 158016K, reserved 1245184K
  class space    used 21869K, committed 22592K, reserved 1048576K
}
Event: 1734.474 GC heap before
{Heap before GC invocations=67 (full 0):
 garbage-first heap   total 424960K, used 347081K [0x0000000080000000, 0x0000000100000000)
  region size 1024K, 196 young (200704K), 3 survivors (3072K)
 Metaspace       used 156828K, committed 158336K, reserved 1245184K
  class space    used 21883K, committed 22592K, reserved 1048576K
}
Event: 1734.479 GC heap after
{Heap after GC invocations=68 (full 0):
 garbage-first heap   total 424960K, used 158583K [0x0000000080000000, 0x0000000100000000)
  region size 1024K, 11 young (11264K), 11 survivors (11264K)
 Metaspace       used 156828K, committed 158336K, reserved 1245184K
  class space    used 21883K, committed 22592K, reserved 1048576K
}
Event: 1795.237 GC heap before
{Heap before GC invocations=69 (full 0):
 garbage-first heap   total 424960K, used 363383K [0x0000000080000000, 0x0000000100000000)
  region size 1024K, 196 young (200704K), 11 survivors (11264K)
 Metaspace       used 157797K, committed 159424K, reserved 1245184K
  class space    used 21943K, committed 22720K, reserved 1048576K
}
Event: 1795.239 GC heap after
{Heap after GC invocations=70 (full 0):
 garbage-first heap   total 424960K, used 151117K [0x0000000080000000, 0x0000000100000000)
  region size 1024K, 4 young (4096K), 4 survivors (4096K)
 Metaspace       used 157797K, committed 159424K, reserved 1245184K
  class space    used 21943K, committed 22720K, reserved 1048576K
}
Event: 1795.296 GC heap before
{Heap before GC invocations=70 (full 0):
 garbage-first heap   total 424960K, used 167501K [0x0000000080000000, 0x0000000100000000)
  region size 1024K, 20 young (20480K), 4 survivors (4096K)
 Metaspace       used 158367K, committed 160256K, reserved 1245184K
  class space    used 22074K, committed 22976K, reserved 1048576K
}
Event: 1795.300 GC heap after
{Heap after GC invocations=71 (full 0):
 garbage-first heap   total 424960K, used 142989K [0x0000000080000000, 0x0000000100000000)
  region size 1024K, 3 young (3072K), 3 survivors (3072K)
 Metaspace       used 158367K, committed 160256K, reserved 1245184K
  class space    used 22074K, committed 22976K, reserved 1048576K
}
Event: 1795.534 GC heap before
{Heap before GC invocations=71 (full 0):
 garbage-first heap   total 424960K, used 201357K [0x0000000080000000, 0x0000000100000000)
  region size 1024K, 61 young (62464K), 3 survivors (3072K)
 Metaspace       used 159345K, committed 161408K, reserved 1245184K
  class space    used 22247K, committed 23232K, reserved 1048576K
}
Event: 1795.538 GC heap after
{Heap after GC invocations=72 (full 0):
 garbage-first heap   total 424960K, used 149807K [0x0000000080000000, 0x0000000100000000)
  region size 1024K, 9 young (9216K), 9 survivors (9216K)
 Metaspace       used 159345K, committed 161408K, reserved 1245184K
  class space    used 22247K, committed 23232K, reserved 1048576K
}
Event: 1946.314 GC heap before
{Heap before GC invocations=73 (full 0):
 garbage-first heap   total 424960K, used 353583K [0x0000000080000000, 0x0000000100000000)
  region size 1024K, 191 young (195584K), 9 survivors (9216K)
 Metaspace       used 159725K, committed 161856K, reserved 1245184K
  class space    used 22266K, committed 23296K, reserved 1048576K
}
Event: 1946.317 GC heap after
{Heap after GC invocations=74 (full 0):
 garbage-first heap   total 424960K, used 141839K [0x0000000080000000, 0x0000000100000000)
  region size 1024K, 3 young (3072K), 3 survivors (3072K)
 Metaspace       used 159725K, committed 161856K, reserved 1245184K
  class space    used 22266K, committed 23296K, reserved 1048576K
}
Event: 1946.368 GC heap before
{Heap before GC invocations=74 (full 0):
 garbage-first heap   total 424960K, used 158223K [0x0000000080000000, 0x0000000100000000)
  region size 1024K, 20 young (20480K), 3 survivors (3072K)
 Metaspace       used 159729K, committed 161856K, reserved 1245184K
  class space    used 22266K, committed 23296K, reserved 1048576K
}
Event: 1946.371 GC heap after
{Heap after GC invocations=75 (full 0):
 garbage-first heap   total 424960K, used 134105K [0x0000000080000000, 0x0000000100000000)
  region size 1024K, 3 young (3072K), 3 survivors (3072K)
 Metaspace       used 159729K, committed 161856K, reserved 1245184K
  class space    used 22266K, committed 23296K, reserved 1048576K
}
Event: 2036.522 GC heap before
{Heap before GC invocations=75 (full 0):
 garbage-first heap   total 424960K, used 339929K [0x0000000080000000, 0x0000000100000000)
  region size 1024K, 205 young (209920K), 3 survivors (3072K)
 Metaspace       used 160030K, committed 162112K, reserved 1245184K
  class space    used 22273K, committed 23296K, reserved 1048576K
}
Event: 2036.527 GC heap after
{Heap after GC invocations=76 (full 0):
 garbage-first heap   total 424960K, used 146082K [0x0000000080000000, 0x0000000100000000)
  region size 1024K, 15 young (15360K), 15 survivors (15360K)
 Metaspace       used 160030K, committed 162112K, reserved 1245184K
  class space    used 22273K, committed 23296K, reserved 1048576K
}
Event: 2079.926 GC heap before
{Heap before GC invocations=77 (full 0):
 garbage-first heap   total 424960K, used 373410K [0x0000000080000000, 0x0000000100000000)
  region size 1024K, 207 young (211968K), 15 survivors (15360K)
 Metaspace       used 160058K, committed 162112K, reserved 1245184K
  class space    used 22230K, committed 23296K, reserved 1048576K
}
Event: 2079.930 GC heap after
{Heap after GC invocations=78 (full 0):
 garbage-first heap   total 424960K, used 144819K [0x0000000080000000, 0x0000000100000000)
  region size 1024K, 11 young (11264K), 11 survivors (11264K)
 Metaspace       used 160058K, committed 162112K, reserved 1245184K
  class space    used 22230K, committed 23296K, reserved 1048576K
}
Event: 2079.957 GC heap before
{Heap before GC invocations=78 (full 0):
 garbage-first heap   total 424960K, used 154035K [0x0000000080000000, 0x0000000100000000)
  region size 1024K, 20 young (20480K), 11 survivors (11264K)
 Metaspace       used 160064K, committed 162112K, reserved 1245184K
  class space    used 22230K, committed 23296K, reserved 1048576K
}
Event: 2079.965 GC heap after
{Heap after GC invocations=79 (full 0):
 garbage-first heap   total 424960K, used 136785K [0x0000000080000000, 0x0000000100000000)
  region size 1024K, 3 young (3072K), 3 survivors (3072K)
 Metaspace       used 160064K, committed 162112K, reserved 1245184K
  class space    used 22230K, committed 23296K, reserved 1048576K
}
Event: 2080.053 GC heap before
{Heap before GC invocations=79 (full 0):
 garbage-first heap   total 424960K, used 158289K [0x0000000080000000, 0x0000000100000000)
  region size 1024K, 25 young (25600K), 3 survivors (3072K)
 Metaspace       used 160091K, committed 162176K, reserved 1245184K
  class space    used 22230K, committed 23296K, reserved 1048576K
}

